2022.04.04 13:34:02 INFO  tracing is disabled for protocol LSP, to enable tracing of incoming and outgoing JSON messages create an empty file at /home/jonesgc/repos/spark-scala/.metals/lsp.trace.json or /home/jonesgc/.cache/metals/lsp.trace.json[0m
2022.04.04 13:34:02 INFO  logging to file /home/jonesgc/repos/spark-scala/.metals/metals.log[0m
2022.04.04 13:34:02 INFO  Started: Metals version 0.11.2 in workspace '/home/jonesgc/repos/spark-scala' for client Neovim 0.7.0.[0m
2022.04.04 13:34:02 INFO  Parse release: 11.0.14.1[0m
2022.04.04 13:34:02 WARN  Can't instantiate JavaInteractiveSemanticdb (version: Some(JdkVersion(11,0)), jdkHome: /usr/lib/jvm/java-11-openjdk-amd64, javac exists: false)[0m
2022.04.04 13:34:05 INFO  time: initialize in 2.7s[0m
2022.04.04 13:34:06 WARN  Build server is not auto-connectable.[0m
2022.04.04 13:34:06 WARN  no build target for: /home/jonesgc/repos/spark-scala/build.sbt[0m
2022.04.04 13:34:10 INFO  no build target found for /home/jonesgc/repos/spark-scala/build.sbt. Using presentation compiler with project's scala-library version: 3.1.1[0m
2022.04.04 13:35:08 WARN  no build target for: /home/jonesgc/repos/spark-scala/build.sbt[0m
2022.04.04 13:35:08 INFO  skipping build import with status 'Dismissed'[0m
2022.04.04 13:35:26 WARN  no build target for: /home/jonesgc/repos/spark-scala/build.sbt[0m
2022.04.04 13:35:26 INFO  skipping build import with status 'Dismissed'[0m
2022.04.04 13:35:30 WARN  no build target for: /home/jonesgc/repos/spark-scala/build.sbt[0m
2022.04.04 13:35:30 INFO  skipping build import with status 'Dismissed'[0m
2022.04.04 13:35:38 WARN  no build target for: /home/jonesgc/repos/spark-scala/build.sbt[0m
2022.04.04 13:35:38 INFO  skipping build import with status 'Dismissed'[0m
2022.04.04 13:35:41 WARN  no build target for: /home/jonesgc/repos/spark-scala/build.sbt[0m
2022.04.04 13:35:41 INFO  skipping build import with status 'Dismissed'[0m
2022.04.04 13:36:07 WARN  no build target for: /home/jonesgc/repos/spark-scala/build.sbt[0m
2022.04.04 13:36:07 INFO  shutting down Metals[0m
2022.04.04 13:36:07 INFO  skipping build import with status 'Dismissed'[0m
2022.04.04 13:37:25 INFO  tracing is disabled for protocol LSP, to enable tracing of incoming and outgoing JSON messages create an empty file at /home/jonesgc/repos/spark-scala/.metals/lsp.trace.json or /home/jonesgc/.cache/metals/lsp.trace.json[0m
2022.04.04 13:37:26 INFO  logging to file /home/jonesgc/repos/spark-scala/.metals/metals.log[0m
2022.04.04 13:37:26 INFO  Started: Metals version 0.11.2 in workspace '/home/jonesgc/repos/spark-scala' for client Neovim 0.7.0.[0m
2022.04.04 13:37:26 INFO  Parse release: 11.0.14.1[0m
2022.04.04 13:37:26 WARN  Can't instantiate JavaInteractiveSemanticdb (version: Some(JdkVersion(11,0)), jdkHome: /usr/lib/jvm/java-11-openjdk-amd64, javac exists: false)[0m
2022.04.04 13:37:28 INFO  time: initialize in 2.22s[0m
2022.04.04 13:37:29 WARN  Build server is not auto-connectable.[0m
2022.04.04 13:37:29 WARN  no build target for: /home/jonesgc/repos/spark-scala/build.sbt[0m
2022.04.04 13:37:33 INFO  shutting down Metals[0m
2022.04.04 13:37:33 INFO  no build target found for /home/jonesgc/repos/spark-scala/build.sbt. Using presentation compiler with project's scala-library version: 3.1.1[0m
2022.04.04 13:37:44 INFO  tracing is disabled for protocol LSP, to enable tracing of incoming and outgoing JSON messages create an empty file at /home/jonesgc/repos/spark-scala/.metals/lsp.trace.json or /home/jonesgc/.cache/metals/lsp.trace.json[0m
2022.04.04 13:37:45 INFO  logging to file /home/jonesgc/repos/spark-scala/.metals/metals.log[0m
2022.04.04 13:37:45 INFO  Started: Metals version 0.11.2 in workspace '/home/jonesgc/repos/spark-scala' for client Neovim 0.7.0.[0m
2022.04.04 13:37:45 INFO  Parse release: 11.0.14.1[0m
2022.04.04 13:37:45 WARN  Can't instantiate JavaInteractiveSemanticdb (version: Some(JdkVersion(11,0)), jdkHome: /usr/lib/jvm/java-11-openjdk-amd64, javac exists: false)[0m
2022.04.04 13:37:47 INFO  time: initialize in 2.23s[0m
2022.04.04 13:37:48 WARN  Build server is not auto-connectable.[0m
2022.04.04 13:37:48 WARN  no build target for: /home/jonesgc/repos/spark-scala/build.sbt[0m
2022.04.04 13:37:48 INFO  skipping build import with status 'Dismissed'[0m
2022.04.04 13:37:52 INFO  no build target found for /home/jonesgc/repos/spark-scala/build.sbt. Using presentation compiler with project's scala-library version: 3.1.1[0m
2022.04.04 13:37:53 INFO  shutting down Metals[0m
2022.04.04 13:38:13 INFO  tracing is disabled for protocol LSP, to enable tracing of incoming and outgoing JSON messages create an empty file at /home/jonesgc/repos/spark-scala/.metals/lsp.trace.json or /home/jonesgc/.cache/metals/lsp.trace.json[0m
2022.04.04 13:38:14 INFO  logging to file /home/jonesgc/repos/spark-scala/.metals/metals.log[0m
2022.04.04 13:38:14 INFO  Started: Metals version 0.11.2 in workspace '/home/jonesgc/repos/spark-scala' for client Neovim 0.7.0.[0m
2022.04.04 13:38:14 INFO  Parse release: 11.0.14.1[0m
2022.04.04 13:38:14 WARN  Can't instantiate JavaInteractiveSemanticdb (version: Some(JdkVersion(11,0)), jdkHome: /usr/lib/jvm/java-11-openjdk-amd64, javac exists: false)[0m
2022.04.04 13:38:16 INFO  time: initialize in 2.25s[0m
2022.04.04 13:38:16 WARN  Build server is not auto-connectable.[0m
2022.04.04 13:38:17 WARN  no build target for: /home/jonesgc/repos/spark-scala/build.sbt[0m
2022.04.04 13:38:17 INFO  skipping build import with status 'Dismissed'[0m
2022.04.04 13:38:21 INFO  no build target found for /home/jonesgc/repos/spark-scala/build.sbt. Using presentation compiler with project's scala-library version: 3.1.1[0m
2022.04.04 13:38:22 WARN  no build target for: /home/jonesgc/repos/spark-scala/src/main/scala/main.scala[0m
2022.04.04 13:38:51 WARN  no build target for: /home/jonesgc/repos/spark-scala/src/main/scala/main.scala[0m
2022.04.04 13:38:55 INFO  shutting down Metals[0m
2022.04.04 13:42:34 INFO  tracing is disabled for protocol LSP, to enable tracing of incoming and outgoing JSON messages create an empty file at /home/jonesgc/repos/spark-scala/.metals/lsp.trace.json or /home/jonesgc/.cache/metals/lsp.trace.json[0m
2022.04.04 13:42:35 INFO  logging to file /home/jonesgc/repos/spark-scala/.metals/metals.log[0m
2022.04.04 13:42:35 INFO  Started: Metals version 0.11.2 in workspace '/home/jonesgc/repos/spark-scala' for client Neovim 0.7.0.[0m
2022.04.04 13:42:35 INFO  Parse release: 11.0.14.1[0m
2022.04.04 13:42:35 WARN  Can't instantiate JavaInteractiveSemanticdb (version: Some(JdkVersion(11,0)), jdkHome: /usr/lib/jvm/java-11-openjdk-amd64, javac exists: false)[0m
2022.04.04 13:42:37 INFO  time: initialize in 2.2s[0m
2022.04.04 13:42:38 WARN  Build server is not auto-connectable.[0m
2022.04.04 13:42:38 WARN  no build target for: /home/jonesgc/repos/spark-scala/build.sbt[0m
2022.04.04 13:42:38 INFO  skipping build import with status 'Requested'[0m
2022.04.04 13:42:42 INFO  no build target found for /home/jonesgc/repos/spark-scala/build.sbt. Using presentation compiler with project's scala-library version: 3.1.1[0m
2022.04.04 13:43:00 WARN  no build target for: /home/jonesgc/repos/spark-scala/build.sbt[0m
2022.04.04 13:44:32 WARN  no build target for: /home/jonesgc/repos/spark-scala/build.sbt[0m
2022.04.04 13:44:32 INFO  skipping build import with status 'Dismissed'[0m
2022.04.04 13:44:35 WARN  no build target for: /home/jonesgc/repos/spark-scala/build.sbt[0m
2022.04.04 13:44:35 INFO  skipping build import with status 'Dismissed'[0m
2022.04.04 13:44:39 INFO  running '/usr/lib/jvm/java-11-openjdk-amd64/bin/java -Djline.terminal=jline.UnsupportedTerminal -Dsbt.log.noformat=true -Dfile.encoding=UTF-8 -jar /tmp/metals6660798282918130638/sbt-launch.jar -Dbloop.export-jar-classifiers=sources bloopInstall'[0m
2022.04.04 13:44:41 INFO  [info] welcome to sbt 1.6.2 (Ubuntu Java 11.0.14.1)[0m
2022.04.04 13:44:44 INFO  [info] loading settings for project spark-scala-build-build from metals.sbt ...[0m
2022.04.04 13:44:45 INFO  [info] loading project definition from /home/jonesgc/repos/spark-scala/project/project[0m
2022.04.04 13:44:48 INFO  [info] loading settings for project spark-scala-build from metals.sbt ...[0m
2022.04.04 13:44:48 INFO  [info] loading project definition from /home/jonesgc/repos/spark-scala/project[0m
2022.04.04 13:44:51 INFO  [success] Generated .bloop/spark-scala-build.json[0m
2022.04.04 13:44:51 INFO  [info] compiling 1 Scala source to /home/jonesgc/repos/spark-scala/project/target/scala-2.12/sbt-1.0/classes ...[0m
2022.04.04 13:44:55 INFO  [info] done compiling[0m
2022.04.04 13:44:55 INFO  [success] Total time: 7 s, completed Apr 4, 2022, 1:44:55 PM[0m
2022.04.04 13:44:57 INFO  [info] loading settings for project root from build.sbt ...[0m
2022.04.04 13:44:57 INFO  [info] set current project to spark-scala (in build file:/home/jonesgc/repos/spark-scala/)[0m
2022.04.04 13:44:57 INFO  [warn] [0m
2022.04.04 13:44:57 INFO  [warn] 	Note: Unresolved dependencies path:[0m
2022.04.04 13:44:57 INFO  [error] Couldn't run bloopGenerate for root-test[0m
2022.04.04 13:44:57 INFO  [error] Couldn't run bloopGenerate for root[0m
2022.04.04 13:44:57 INFO  [success] Total time: 1 s, completed Apr 4, 2022, 1:44:58 PM[0m
2022.04.04 13:44:59 INFO  time: ran 'sbt bloopInstall' in 19s[0m
2022.04.04 13:44:59 WARN  Build server is not auto-connectable.[0m
2022.04.04 13:54:17 WARN  no build target for: /home/jonesgc/repos/spark-scala/build.sbt[0m
2022.04.04 13:54:17 INFO  skipping build import with status 'Installed'[0m
2022.04.04 13:54:21 WARN  no build target for: /home/jonesgc/repos/spark-scala/build.sbt[0m
2022.04.04 13:54:21 INFO  shutting down Metals[0m
2022.04.04 13:54:26 INFO  tracing is disabled for protocol LSP, to enable tracing of incoming and outgoing JSON messages create an empty file at /home/jonesgc/repos/spark-scala/.metals/lsp.trace.json or /home/jonesgc/.cache/metals/lsp.trace.json[0m
2022.04.04 13:54:32 INFO  tracing is disabled for protocol LSP, to enable tracing of incoming and outgoing JSON messages create an empty file at /home/jonesgc/repos/spark-scala/.metals/lsp.trace.json or /home/jonesgc/.cache/metals/lsp.trace.json[0m
2022.04.04 13:54:32 INFO  logging to file /home/jonesgc/repos/spark-scala/.metals/metals.log[0m
2022.04.04 13:54:32 INFO  Started: Metals version 0.11.2 in workspace '/home/jonesgc/repos/spark-scala' for client Neovim 0.7.0.[0m
2022.04.04 13:54:32 INFO  Parse release: 11.0.14.1[0m
2022.04.04 13:54:32 WARN  Can't instantiate JavaInteractiveSemanticdb (version: Some(JdkVersion(11,0)), jdkHome: /usr/lib/jvm/java-11-openjdk-amd64, javac exists: false)[0m
2022.04.04 13:54:35 INFO  time: initialize in 2.83s[0m
2022.04.04 13:54:38 WARN  Build server is not auto-connectable.[0m
2022.04.04 13:54:38 WARN  no build target for: /home/jonesgc/repos/spark-scala/src/main/scala/main.scala[0m
2022.04.04 13:54:38 INFO  skipping build import with status 'Installed'[0m
2022.04.04 13:54:44 INFO  no build target found for /home/jonesgc/repos/spark-scala/src/main/scala/main.scala. Using presentation compiler with project's scala-library version: 3.1.1[0m
2022.04.04 13:55:08 WARN  no build target for: /home/jonesgc/repos/spark-scala/src/main/scala/main.scala[0m
2022.04.04 13:56:06 WARN  no build target for: /home/jonesgc/repos/spark-scala/src/main/scala/main.scala[0m
2022.04.04 13:58:40 WARN  no build target for: /home/jonesgc/repos/spark-scala/src/main/scala/main.scala[0m
2022.04.04 15:02:12 INFO  shutting down Metals[0m
2022.04.04 20:14:57 INFO  tracing is disabled for protocol LSP, to enable tracing of incoming and outgoing JSON messages create an empty file at /home/jonesgc/repos/spark-scala/.metals/lsp.trace.json or /home/jonesgc/.cache/metals/lsp.trace.json[0m
2022.04.04 20:14:58 INFO  logging to file /home/jonesgc/repos/spark-scala/.metals/metals.log[0m
2022.04.04 20:14:58 INFO  Started: Metals version 0.11.2 in workspace '/home/jonesgc/repos/spark-scala' for client Neovim 0.7.0.[0m
2022.04.04 20:14:58 INFO  Parse release: 11.0.14.1[0m
2022.04.04 20:14:58 WARN  Can't instantiate JavaInteractiveSemanticdb (version: Some(JdkVersion(11,0)), jdkHome: /usr/lib/jvm/java-11-openjdk-amd64, javac exists: false)[0m
2022.04.04 20:15:00 INFO  time: initialize in 1.94s[0m
2022.04.04 20:15:00 WARN  Build server is not auto-connectable.[0m
2022.04.04 20:15:01 WARN  no build target for: /home/jonesgc/repos/spark-scala/src/main/scala/main.scala[0m
2022.04.04 20:15:01 INFO  skipping build import with status 'Installed'[0m
2022.04.04 20:15:05 INFO  no build target found for /home/jonesgc/repos/spark-scala/src/main/scala/main.scala. Using presentation compiler with project's scala-library version: 3.1.1[0m
2022.04.04 20:15:05 WARN  no build target for: /home/jonesgc/repos/spark-scala/src/main/scala/main.scala[0m
2022.04.04 20:15:05 INFO  shutting down Metals[0m
java.util.concurrent.RejectedExecutionException: Task scala.concurrent.impl.CallbackRunnable@7d0597c8 rejected from java.util.concurrent.ThreadPoolExecutor@6033add8[Shutting down, pool size = 4, active threads = 2, queued tasks = 0, completed tasks = 87]
	at java.base/java.util.concurrent.ThreadPoolExecutor$AbortPolicy.rejectedExecution(ThreadPoolExecutor.java:2055)
	at java.base/java.util.concurrent.ThreadPoolExecutor.reject(ThreadPoolExecutor.java:825)
	at java.base/java.util.concurrent.ThreadPoolExecutor.execute(ThreadPoolExecutor.java:1355)
	at scala.concurrent.impl.ExecutionContextImpl$$anon$4.execute(ExecutionContextImpl.scala:138)
	at scala.concurrent.impl.CallbackRunnable.executeWithValue(Promise.scala:72)
	at scala.concurrent.impl.Promise$DefaultPromise.dispatchOrAddCallback(Promise.scala:316)
	at scala.concurrent.impl.Promise$DefaultPromise.onComplete(Promise.scala:307)
	at scala.concurrent.impl.Promise.transform(Promise.scala:33)
	at scala.concurrent.impl.Promise.transform$(Promise.scala:31)
	at scala.concurrent.impl.Promise$DefaultPromise.transform(Promise.scala:187)
	at scala.concurrent.Future.map(Future.scala:292)
	at scala.concurrent.Future.map$(Future.scala:292)
	at scala.concurrent.impl.Promise$DefaultPromise.map(Promise.scala:187)
	at scala.concurrent.Future.$anonfun$zipWith$1(Future.scala:457)
	at scala.concurrent.Future.$anonfun$flatMap$1(Future.scala:307)
	at scala.concurrent.impl.Promise.$anonfun$transformWith$1(Promise.scala:41)
	at scala.concurrent.impl.CallbackRunnable.run(Promise.scala:64)
	at scala.concurrent.BatchingExecutor$Batch.processBatch$1(BatchingExecutor.scala:67)
	at scala.concurrent.BatchingExecutor$Batch.$anonfun$run$1(BatchingExecutor.scala:82)
	at scala.runtime.java8.JFunction0$mcV$sp.apply(JFunction0$mcV$sp.java:23)
	at scala.concurrent.BlockContext$.withBlockContext(BlockContext.scala:85)
	at scala.concurrent.BatchingExecutor$Batch.run(BatchingExecutor.scala:59)
	at scala.concurrent.Future$InternalCallbackExecutor$.unbatchedExecute(Future.scala:875)
	at scala.concurrent.BatchingExecutor.execute(BatchingExecutor.scala:110)
	at scala.concurrent.BatchingExecutor.execute$(BatchingExecutor.scala:107)
	at scala.concurrent.Future$InternalCallbackExecutor$.execute(Future.scala:873)
	at scala.concurrent.impl.CallbackRunnable.executeWithValue(Promise.scala:72)
	at scala.concurrent.impl.Promise$KeptPromise$Kept.onComplete(Promise.scala:372)
	at scala.concurrent.impl.Promise$KeptPromise$Kept.onComplete$(Promise.scala:371)
	at scala.concurrent.impl.Promise$KeptPromise$Successful.onComplete(Promise.scala:379)
	at scala.concurrent.impl.Promise.transformWith(Promise.scala:40)
	at scala.concurrent.impl.Promise.transformWith$(Promise.scala:38)
	at scala.concurrent.impl.Promise$KeptPromise$Successful.transformWith(Promise.scala:379)
	at scala.concurrent.Future.flatMap(Future.scala:306)
	at scala.concurrent.Future.flatMap$(Future.scala:306)
	at scala.concurrent.impl.Promise$KeptPromise$Successful.flatMap(Promise.scala:379)
	at scala.concurrent.Future.zipWith(Future.scala:457)
	at scala.concurrent.Future.zipWith$(Future.scala:456)
	at scala.concurrent.impl.Promise$KeptPromise$Successful.zipWith(Promise.scala:379)
	at scala.concurrent.Future$.$anonfun$sequence$1(Future.scala:671)
	at scala.collection.LinearSeqOptimized.foldLeft(LinearSeqOptimized.scala:126)
	at scala.collection.LinearSeqOptimized.foldLeft$(LinearSeqOptimized.scala:122)
	at scala.collection.immutable.List.foldLeft(List.scala:91)
	at scala.concurrent.Future$.sequence(Future.scala:671)
	at scala.meta.internal.metals.MetalsLanguageServer.$anonfun$didOpen$5(MetalsLanguageServer.scala:1061)
	at scala.concurrent.Future.$anonfun$flatMap$1(Future.scala:307)
	at scala.concurrent.impl.Promise.$anonfun$transformWith$1(Promise.scala:41)
	at scala.concurrent.impl.CallbackRunnable.run(Promise.scala:64)
	at java.base/java.util.concurrent.ThreadPoolExecutor.runWorker(ThreadPoolExecutor.java:1128)
	at java.base/java.util.concurrent.ThreadPoolExecutor$Worker.run(ThreadPoolExecutor.java:628)
	at java.base/java.lang.Thread.run(Thread.java:829)
Exception in thread "pool-2-thread-2" java.lang.InterruptedException
	at java.base/java.util.concurrent.locks.AbstractQueuedSynchronizer.acquireSharedInterruptibly(AbstractQueuedSynchronizer.java:1343)
	at coursierapi.shaded.scala.concurrent.impl.Promise$DefaultPromise.tryAwait0(Promise.scala:243)
	at coursierapi.shaded.scala.concurrent.impl.Promise$DefaultPromise.result(Promise.scala:261)
	at coursierapi.shaded.scala.concurrent.Await$.$anonfun$result$1(package.scala:201)
	at coursierapi.shaded.scala.concurrent.BlockContext$DefaultBlockContext$.blockOn(BlockContext.scala:62)
	at coursierapi.shaded.scala.concurrent.Await$.result(package.scala:124)
	at coursierapi.shaded.coursier.Fetch$FetchTaskOps$.eitherResult$extension(Fetch.scala:327)
	at coursierapi.shaded.coursier.internal.api.ApiHelper$.doFetch(ApiHelper.scala:334)
	at coursierapi.shaded.coursier.internal.api.ApiHelper.doFetch(ApiHelper.scala)
	at coursierapi.Fetch.fetchResult(Fetch.java:244)
	at coursierapi.Fetch.fetch(Fetch.java:239)
	at scala.meta.internal.metals.Embedded$.downloadDependency(Embedded.scala:238)
	at scala.meta.internal.metals.Embedded$.downloadScala3Sources(Embedded.scala:253)
	at scala.meta.internal.metals.StandaloneSymbolSearch$.$anonfun$getScala$1(StandaloneSymbolSearch.scala:211)
	at scala.meta.internal.metals.StandaloneSymbolSearch$.getScala(StandaloneSymbolSearch.scala:215)
	at scala.meta.internal.metals.StandaloneSymbolSearch$.addScalaAndJava(StandaloneSymbolSearch.scala:187)
	at scala.meta.internal.metals.StandaloneSymbolSearch$.apply(StandaloneSymbolSearch.scala:147)
	at scala.meta.internal.metals.Compilers.$anonfun$fallbackCompiler$3(Compilers.scala:150)
	at scala.util.Try$.apply(Try.scala:213)
	at scala.meta.internal.metals.Compilers.$anonfun$fallbackCompiler$1(Compilers.scala:142)
	at java.base/java.util.HashMap.compute(HashMap.java:1229)
	at java.base/java.util.Collections$SynchronizedMap.compute(Collections.java:2692)
	at scala.meta.internal.metals.Compilers.fallbackCompiler(Compilers.scala:124)
	at scala.meta.internal.metals.InteractiveSemanticdbs.$anonfun$scalaCompile$6(InteractiveSemanticdbs.scala:191)
	at scala.Option.getOrElse(Option.scala:189)
	at scala.meta.internal.metals.InteractiveSemanticdbs.scalaCompile(InteractiveSemanticdbs.scala:191)
	at scala.meta.internal.metals.InteractiveSemanticdbs.compile(InteractiveSemanticdbs.scala:168)
	at scala.meta.internal.metals.InteractiveSemanticdbs.$anonfun$textDocument$3(InteractiveSemanticdbs.scala:93)
	at scala.util.Try$.apply(Try.scala:213)
	at scala.meta.internal.metals.InteractiveSemanticdbs.$anonfun$textDocument$1(InteractiveSemanticdbs.scala:93)
	at java.base/java.util.HashMap.compute(HashMap.java:1229)
	at java.base/java.util.Collections$SynchronizedMap.compute(Collections.java:2692)
	at scala.meta.internal.metals.InteractiveSemanticdbs.textDocument(InteractiveSemanticdbs.scala:89)
	at scala.meta.internal.metals.InteractiveSemanticdbs.textDocument(InteractiveSemanticdbs.scala:63)
	at scala.meta.internal.metals.AggregateSemanticdbs.loop$1(AggregateSemanticdbs.scala:30)
	at scala.meta.internal.metals.AggregateSemanticdbs.textDocument(AggregateSemanticdbs.scala:36)
	at scala.meta.internal.decorations.SyntheticsDecorationProvider.currentDocument(SyntheticsDecorationProvider.scala:278)
	at scala.meta.internal.decorations.SyntheticsDecorationProvider.syntheticDecorations(SyntheticsDecorationProvider.scala:165)
	at scala.meta.internal.decorations.SyntheticsDecorationProvider.$anonfun$publishSynthetics$1(SyntheticsDecorationProvider.scala:65)
	at scala.runtime.java8.JFunction0$mcV$sp.apply(JFunction0$mcV$sp.java:23)
	at scala.concurrent.Future$.$anonfun$apply$1(Future.scala:659)
	at scala.util.Success.$anonfun$map$1(Try.scala:255)
	at scala.util.Success.map(Try.scala:213)
	at scala.concurrent.Future.$anonfun$map$1(Future.scala:292)
	at scala.concurrent.impl.Promise.liftedTree1$1(Promise.scala:33)
	at scala.concurrent.impl.Promise.$anonfun$transform$1(Promise.scala:33)
	at scala.concurrent.impl.CallbackRunnable.run(Promise.scala:64)
	at java.base/java.util.concurrent.ThreadPoolExecutor.runWorker(ThreadPoolExecutor.java:1128)
	at java.base/java.util.concurrent.ThreadPoolExecutor$Worker.run(ThreadPoolExecutor.java:628)
	at java.base/java.lang.Thread.run(Thread.java:829)
2022.04.04 20:15:35 INFO  tracing is disabled for protocol LSP, to enable tracing of incoming and outgoing JSON messages create an empty file at /home/jonesgc/repos/spark-scala/.metals/lsp.trace.json or /home/jonesgc/.cache/metals/lsp.trace.json[0m
2022.04.04 20:15:35 INFO  logging to file /home/jonesgc/repos/spark-scala/.metals/metals.log[0m
2022.04.04 20:15:35 INFO  Started: Metals version 0.11.2 in workspace '/home/jonesgc/repos/spark-scala' for client Neovim 0.7.0.[0m
2022.04.04 20:15:35 INFO  Parse release: 11.0.14.1[0m
2022.04.04 20:15:35 WARN  Can't instantiate JavaInteractiveSemanticdb (version: Some(JdkVersion(11,0)), jdkHome: /usr/lib/jvm/java-11-openjdk-amd64, javac exists: false)[0m
2022.04.04 20:15:37 INFO  time: initialize in 1.79s[0m
2022.04.04 20:15:38 WARN  Build server is not auto-connectable.[0m
2022.04.04 20:15:38 INFO  shutting down Metals[0m
2022.04.04 20:15:39 WARN  no build target for: /home/jonesgc/repos/spark-scala/build.sbt[0m
2022.04.04 20:15:39 INFO  skipping build import with status 'Installed'[0m
2022.04.04 20:15:43 INFO  no build target found for /home/jonesgc/repos/spark-scala/build.sbt. Using presentation compiler with project's scala-library version: 3.1.1[0m
2022.04.04 20:15:43 INFO  tracing is disabled for protocol LSP, to enable tracing of incoming and outgoing JSON messages create an empty file at /home/jonesgc/repos/spark-scala/.metals/lsp.trace.json or /home/jonesgc/.cache/metals/lsp.trace.json[0m
2022.04.04 20:15:43 INFO  logging to file /home/jonesgc/repos/spark-scala/.metals/metals.log[0m
2022.04.04 20:15:43 INFO  Started: Metals version 0.11.2 in workspace '/home/jonesgc/repos/spark-scala' for client Neovim 0.7.0.[0m
2022.04.04 20:15:43 INFO  Parse release: 11.0.14.1[0m
2022.04.04 20:15:43 WARN  Can't instantiate JavaInteractiveSemanticdb (version: Some(JdkVersion(11,0)), jdkHome: /usr/lib/jvm/java-11-openjdk-amd64, javac exists: false)[0m
2022.04.04 20:15:46 INFO  time: initialize in 2.74s[0m
2022.04.04 20:15:48 WARN  Build server is not auto-connectable.[0m
2022.04.04 20:15:48 WARN  no build target for: /home/jonesgc/repos/spark-scala/build.sbt[0m
2022.04.04 20:15:48 INFO  skipping build import with status 'Installed'[0m
2022.04.04 20:15:48 INFO  running '/usr/lib/jvm/java-11-openjdk-amd64/bin/java -Djline.terminal=jline.UnsupportedTerminal -Dsbt.log.noformat=true -Dfile.encoding=UTF-8 -jar /tmp/metals14147101581279566247/sbt-launch.jar -Dbloop.export-jar-classifiers=sources bloopInstall'[0m
2022.04.04 20:15:51 INFO  [info] welcome to sbt 1.6.2 (Ubuntu Java 11.0.14.1)[0m
2022.04.04 20:15:53 INFO  [info] loading settings for project spark-scala-build-build from metals.sbt ...[0m
2022.04.04 20:15:54 INFO  no build target found for /home/jonesgc/repos/spark-scala/build.sbt. Using presentation compiler with project's scala-library version: 3.1.1[0m
2022.04.04 20:15:55 INFO  [info] loading project definition from /home/jonesgc/repos/spark-scala/project/project[0m
2022.04.04 20:15:56 INFO  [info] loading settings for project spark-scala-build from metals.sbt ...[0m
2022.04.04 20:15:56 INFO  [info] loading project definition from /home/jonesgc/repos/spark-scala/project[0m
2022.04.04 20:15:59 INFO  [success] Generated .bloop/spark-scala-build.json[0m
2022.04.04 20:15:59 INFO  [success] Total time: 3 s, completed Apr 4, 2022, 8:16:00 PM[0m
2022.04.04 20:15:59 INFO  [info] loading settings for project root from build.sbt ...[0m
2022.04.04 20:15:59 INFO  [info] set current project to spark-scala (in build file:/home/jonesgc/repos/spark-scala/)[0m
2022.04.04 20:16:01 INFO  [warn] [0m
2022.04.04 20:16:01 INFO  [warn] 	Note: Unresolved dependencies path:[0m
2022.04.04 20:16:01 INFO  [error] Couldn't run bloopGenerate for root[0m
2022.04.04 20:16:01 INFO  [error] Couldn't run bloopGenerate for root-test[0m
2022.04.04 20:16:01 INFO  [success] Total time: 1 s, completed Apr 4, 2022, 8:16:01 PM[0m
2022.04.04 20:16:02 WARN  no build target for: /home/jonesgc/repos/spark-scala/project/project/metals.sbt[0m
2022.04.04 20:16:02 INFO  time: ran 'sbt bloopInstall' in 12s[0m
2022.04.04 20:16:02 WARN  Build server is not auto-connectable.[0m
2022.04.04 20:16:24 WARN  no build target for: /home/jonesgc/repos/spark-scala/src/main/scala/main.scala[0m
2022.04.04 20:16:32 INFO  shutting down Metals[0m
2022.04.04 20:17:06 INFO  tracing is disabled for protocol LSP, to enable tracing of incoming and outgoing JSON messages create an empty file at /home/jonesgc/repos/spark-scala/.metals/lsp.trace.json or /home/jonesgc/.cache/metals/lsp.trace.json[0m
2022.04.04 20:17:06 INFO  logging to file /home/jonesgc/repos/spark-scala/.metals/metals.log[0m
2022.04.04 20:17:06 INFO  Started: Metals version 0.11.2 in workspace '/home/jonesgc/repos/spark-scala' for client Neovim 0.7.0.[0m
2022.04.04 20:17:06 INFO  Parse release: 11.0.14.1[0m
2022.04.04 20:17:06 WARN  Can't instantiate JavaInteractiveSemanticdb (version: Some(JdkVersion(11,0)), jdkHome: /usr/lib/jvm/java-11-openjdk-amd64, javac exists: false)[0m
2022.04.04 20:17:08 INFO  time: initialize in 1.73s[0m
2022.04.04 20:17:09 WARN  Build server is not auto-connectable.[0m
2022.04.04 20:17:09 WARN  no build target for: /home/jonesgc/repos/spark-scala/build.sbt[0m
2022.04.04 20:17:09 INFO  skipping build import with status 'Installed'[0m
2022.04.04 20:17:12 WARN  no build target for: /home/jonesgc/repos/spark-scala/build.sbt[0m
2022.04.04 20:17:12 INFO  shutting down Metals[0m
2022.04.04 20:17:13 INFO  no build target found for /home/jonesgc/repos/spark-scala/build.sbt. Using presentation compiler with project's scala-library version: 3.1.1[0m
Exception in thread "pool-2-thread-8" java.lang.InterruptedException
	at java.base/java.util.concurrent.CompletableFuture.reportGet(CompletableFuture.java:385)
	at java.base/java.util.concurrent.CompletableFuture.get(CompletableFuture.java:2022)
	at scala.meta.internal.metals.InteractiveSemanticdbs.scalaCompile(InteractiveSemanticdbs.scala:207)
	at scala.meta.internal.metals.InteractiveSemanticdbs.compile(InteractiveSemanticdbs.scala:168)
	at scala.meta.internal.metals.InteractiveSemanticdbs.$anonfun$textDocument$3(InteractiveSemanticdbs.scala:93)
	at scala.util.Try$.apply(Try.scala:213)
	at scala.meta.internal.metals.InteractiveSemanticdbs.$anonfun$textDocument$1(InteractiveSemanticdbs.scala:93)
	at java.base/java.util.HashMap.compute(HashMap.java:1229)
	at java.base/java.util.Collections$SynchronizedMap.compute(Collections.java:2692)
	at scala.meta.internal.metals.InteractiveSemanticdbs.textDocument(InteractiveSemanticdbs.scala:89)
	at scala.meta.internal.metals.InteractiveSemanticdbs.textDocument(InteractiveSemanticdbs.scala:63)
	at scala.meta.internal.metals.MetalsLanguageServer.$anonfun$onChange$4(MetalsLanguageServer.scala:1397)
	at scala.concurrent.Future$.$anonfun$apply$1(Future.scala:659)
	at scala.util.Success.$anonfun$map$1(Try.scala:255)
	at scala.util.Success.map(Try.scala:213)
	at scala.concurrent.Future.$anonfun$map$1(Future.scala:292)
	at scala.concurrent.impl.Promise.liftedTree1$1(Promise.scala:33)
	at scala.concurrent.impl.Promise.$anonfun$transform$1(Promise.scala:33)
	at scala.concurrent.impl.CallbackRunnable.run(Promise.scala:64)
	at java.base/java.util.concurrent.ThreadPoolExecutor.runWorker(ThreadPoolExecutor.java:1128)
	at java.base/java.util.concurrent.ThreadPoolExecutor$Worker.run(ThreadPoolExecutor.java:628)
	at java.base/java.lang.Thread.run(Thread.java:829)
Exception in thread "pool-2-thread-6" java.lang.InterruptedException
	at java.base/java.util.concurrent.locks.AbstractQueuedSynchronizer.acquireSharedInterruptibly(AbstractQueuedSynchronizer.java:1343)
	at coursierapi.shaded.scala.concurrent.impl.Promise$DefaultPromise.tryAwait0(Promise.scala:243)
	at coursierapi.shaded.scala.concurrent.impl.Promise$DefaultPromise.result(Promise.scala:261)
	at coursierapi.shaded.scala.concurrent.Await$.$anonfun$result$1(package.scala:201)
	at coursierapi.shaded.scala.concurrent.BlockContext$DefaultBlockContext$.blockOn(BlockContext.scala:62)
	at coursierapi.shaded.scala.concurrent.Await$.result(package.scala:124)
	at coursierapi.shaded.coursier.Fetch$FetchTaskOps$.eitherResult$extension(Fetch.scala:327)
	at coursierapi.shaded.coursier.internal.api.ApiHelper$.doFetch(ApiHelper.scala:334)
	at coursierapi.shaded.coursier.internal.api.ApiHelper.doFetch(ApiHelper.scala)
	at coursierapi.Fetch.fetchResult(Fetch.java:244)
	at coursierapi.Fetch.fetch(Fetch.java:239)
	at scala.meta.internal.metals.Embedded$.downloadDependency(Embedded.scala:238)
	at scala.meta.internal.metals.Embedded$.downloadScala3Sources(Embedded.scala:253)
	at scala.meta.internal.metals.StandaloneSymbolSearch$.$anonfun$getScala$1(StandaloneSymbolSearch.scala:211)
	at scala.meta.internal.metals.StandaloneSymbolSearch$.getScala(StandaloneSymbolSearch.scala:215)
	at scala.meta.internal.metals.StandaloneSymbolSearch$.addScalaAndJava(StandaloneSymbolSearch.scala:187)
	at scala.meta.internal.metals.StandaloneSymbolSearch$.apply(StandaloneSymbolSearch.scala:147)
	at scala.meta.internal.metals.Compilers.$anonfun$fallbackCompiler$3(Compilers.scala:150)
	at scala.util.Try$.apply(Try.scala:213)
	at scala.meta.internal.metals.Compilers.$anonfun$fallbackCompiler$1(Compilers.scala:142)
	at java.base/java.util.HashMap.compute(HashMap.java:1229)
	at java.base/java.util.Collections$SynchronizedMap.compute(Collections.java:2692)
	at scala.meta.internal.metals.Compilers.fallbackCompiler(Compilers.scala:124)
	at scala.meta.internal.metals.InteractiveSemanticdbs.$anonfun$scalaCompile$6(InteractiveSemanticdbs.scala:191)
	at scala.Option.getOrElse(Option.scala:189)
	at scala.meta.internal.metals.InteractiveSemanticdbs.scalaCompile(InteractiveSemanticdbs.scala:191)
	at scala.meta.internal.metals.InteractiveSemanticdbs.compile(InteractiveSemanticdbs.scala:168)
	at scala.meta.internal.metals.InteractiveSemanticdbs.$anonfun$textDocument$3(InteractiveSemanticdbs.scala:93)
	at scala.util.Try$.apply(Try.scala:213)
	at scala.meta.internal.metals.InteractiveSemanticdbs.$anonfun$textDocument$1(InteractiveSemanticdbs.scala:93)
	at java.base/java.util.HashMap.compute(HashMap.java:1229)
	at java.base/java.util.Collections$SynchronizedMap.compute(Collections.java:2692)
	at scala.meta.internal.metals.InteractiveSemanticdbs.textDocument(InteractiveSemanticdbs.scala:89)
	at scala.meta.internal.metals.InteractiveSemanticdbs.textDocument(InteractiveSemanticdbs.scala:63)
	at scala.meta.internal.metals.AggregateSemanticdbs.loop$1(AggregateSemanticdbs.scala:30)
	at scala.meta.internal.metals.AggregateSemanticdbs.textDocument(AggregateSemanticdbs.scala:36)
	at scala.meta.internal.decorations.SyntheticsDecorationProvider.currentDocument(SyntheticsDecorationProvider.scala:278)
	at scala.meta.internal.decorations.SyntheticsDecorationProvider.syntheticDecorations(SyntheticsDecorationProvider.scala:165)
	at scala.meta.internal.decorations.SyntheticsDecorationProvider.$anonfun$publishSynthetics$1(SyntheticsDecorationProvider.scala:65)
	at scala.runtime.java8.JFunction0$mcV$sp.apply(JFunction0$mcV$sp.java:23)
	at scala.concurrent.Future$.$anonfun$apply$1(Future.scala:659)
	at scala.util.Success.$anonfun$map$1(Try.scala:255)
	at scala.util.Success.map(Try.scala:213)
	at scala.concurrent.Future.$anonfun$map$1(Future.scala:292)
	at scala.concurrent.impl.Promise.liftedTree1$1(Promise.scala:33)
	at scala.concurrent.impl.Promise.$anonfun$transform$1(Promise.scala:33)
	at scala.concurrent.impl.CallbackRunnable.run(Promise.scala:64)
	at java.base/java.util.concurrent.ThreadPoolExecutor.runWorker(ThreadPoolExecutor.java:1128)
	at java.base/java.util.concurrent.ThreadPoolExecutor$Worker.run(ThreadPoolExecutor.java:628)
	at java.base/java.lang.Thread.run(Thread.java:829)
Exception in thread "pool-2-thread-4" java.util.concurrent.RejectedExecutionException: Task scala.concurrent.impl.CallbackRunnable@324a3ac3 rejected from java.util.concurrent.ThreadPoolExecutor@3b109448[Shutting down, pool size = 2, active threads = 2, queued tasks = 0, completed tasks = 94]
	at java.base/java.util.concurrent.ThreadPoolExecutor$AbortPolicy.rejectedExecution(ThreadPoolExecutor.java:2055)
	at java.base/java.util.concurrent.ThreadPoolExecutor.reject(ThreadPoolExecutor.java:825)
	at java.base/java.util.concurrent.ThreadPoolExecutor.execute(ThreadPoolExecutor.java:1355)
	at scala.concurrent.impl.ExecutionContextImpl$$anon$4.execute(ExecutionContextImpl.scala:138)
	at scala.concurrent.impl.CallbackRunnable.executeWithValue(Promise.scala:72)
	at scala.concurrent.impl.Promise$DefaultPromise.$anonfun$tryComplete$1(Promise.scala:288)
	at scala.concurrent.impl.Promise$DefaultPromise.$anonfun$tryComplete$1$adapted(Promise.scala:288)
	at scala.concurrent.impl.Promise$DefaultPromise.tryComplete(Promise.scala:288)
	at scala.concurrent.Promise.complete(Promise.scala:53)
	at scala.concurrent.Promise.complete$(Promise.scala:52)
	at scala.concurrent.impl.Promise$DefaultPromise.complete(Promise.scala:187)
	at scala.concurrent.impl.Promise.$anonfun$transform$1(Promise.scala:33)
	at scala.concurrent.impl.CallbackRunnable.run(Promise.scala:64)
	at java.base/java.util.concurrent.ThreadPoolExecutor.runWorker(ThreadPoolExecutor.java:1128)
	at java.base/java.util.concurrent.ThreadPoolExecutor$Worker.run(ThreadPoolExecutor.java:628)
	at java.base/java.lang.Thread.run(Thread.java:829)
java.lang.InterruptedException
	at java.base/java.util.concurrent.locks.AbstractQueuedSynchronizer.acquireSharedInterruptibly(AbstractQueuedSynchronizer.java:1343)
	at coursierapi.shaded.scala.concurrent.impl.Promise$DefaultPromise.tryAwait0(Promise.scala:243)
	at coursierapi.shaded.scala.concurrent.impl.Promise$DefaultPromise.result(Promise.scala:261)
	at coursierapi.shaded.scala.concurrent.Await$.$anonfun$result$1(package.scala:201)
	at coursierapi.shaded.scala.concurrent.BlockContext$DefaultBlockContext$.blockOn(BlockContext.scala:62)
	at coursierapi.shaded.scala.concurrent.Await$.result(package.scala:124)
	at coursierapi.shaded.coursier.Fetch$FetchTaskOps$.eitherResult$extension(Fetch.scala:327)
	at coursierapi.shaded.coursier.internal.api.ApiHelper$.doFetch(ApiHelper.scala:334)
	at coursierapi.shaded.coursier.internal.api.ApiHelper.doFetch(ApiHelper.scala)
	at coursierapi.Fetch.fetchResult(Fetch.java:244)
	at coursierapi.Fetch.fetch(Fetch.java:239)
	at scala.meta.internal.metals.Embedded$.downloadDependency(Embedded.scala:238)
	at scala.meta.internal.metals.Embedded$.downloadScala3Sources(Embedded.scala:253)
	at scala.meta.internal.metals.StandaloneSymbolSearch$.$anonfun$getScala$1(StandaloneSymbolSearch.scala:211)
	at scala.meta.internal.metals.StandaloneSymbolSearch$.getScala(StandaloneSymbolSearch.scala:215)
	at scala.meta.internal.metals.StandaloneSymbolSearch$.addScalaAndJava(StandaloneSymbolSearch.scala:187)
	at scala.meta.internal.metals.StandaloneSymbolSearch$.apply(StandaloneSymbolSearch.scala:147)
	at scala.meta.internal.metals.Compilers.$anonfun$fallbackCompiler$3(Compilers.scala:150)
	at scala.util.Try$.apply(Try.scala:213)
	at scala.meta.internal.metals.Compilers.$anonfun$fallbackCompiler$1(Compilers.scala:142)
	at java.base/java.util.HashMap.compute(HashMap.java:1229)
	at java.base/java.util.Collections$SynchronizedMap.compute(Collections.java:2692)
	at scala.meta.internal.metals.Compilers.fallbackCompiler(Compilers.scala:124)
	at scala.meta.internal.metals.InteractiveSemanticdbs.$anonfun$scalaCompile$6(InteractiveSemanticdbs.scala:191)
	at scala.Option.getOrElse(Option.scala:189)
	at scala.meta.internal.metals.InteractiveSemanticdbs.scalaCompile(InteractiveSemanticdbs.scala:191)
	at scala.meta.internal.metals.InteractiveSemanticdbs.compile(InteractiveSemanticdbs.scala:168)
	at scala.meta.internal.metals.InteractiveSemanticdbs.$anonfun$textDocument$3(InteractiveSemanticdbs.scala:93)
	at scala.util.Try$.apply(Try.scala:213)
	at scala.meta.internal.metals.InteractiveSemanticdbs.$anonfun$textDocument$1(InteractiveSemanticdbs.scala:93)
	at java.base/java.util.HashMap.compute(HashMap.java:1229)
	at java.base/java.util.Collections$SynchronizedMap.compute(Collections.java:2692)
	at scala.meta.internal.metals.InteractiveSemanticdbs.textDocument(InteractiveSemanticdbs.scala:89)
	at scala.meta.internal.metals.InteractiveSemanticdbs.textDocument(InteractiveSemanticdbs.scala:63)
	at scala.meta.internal.metals.AggregateSemanticdbs.loop$1(AggregateSemanticdbs.scala:30)
	at scala.meta.internal.metals.AggregateSemanticdbs.textDocument(AggregateSemanticdbs.scala:36)
	at scala.meta.internal.decorations.SyntheticsDecorationProvider.currentDocument(SyntheticsDecorationProvider.scala:278)
	at scala.meta.internal.decorations.SyntheticsDecorationProvider.syntheticDecorations(SyntheticsDecorationProvider.scala:165)
	at scala.meta.internal.decorations.SyntheticsDecorationProvider.$anonfun$publishSynthetics$1(SyntheticsDecorationProvider.scala:65)
	at scala.runtime.java8.JFunction0$mcV$sp.apply(JFunction0$mcV$sp.java:23)
	at scala.concurrent.Future$.$anonfun$apply$1(Future.scala:659)
	at scala.util.Success.$anonfun$map$1(Try.scala:255)
	at scala.util.Success.map(Try.scala:213)
	at scala.concurrent.Future.$anonfun$map$1(Future.scala:292)
	at scala.concurrent.impl.Promise.liftedTree1$1(Promise.scala:33)
	at scala.concurrent.impl.Promise.$anonfun$transform$1(Promise.scala:33)
	at scala.concurrent.impl.CallbackRunnable.run(Promise.scala:64)
	at java.base/java.util.concurrent.ThreadPoolExecutor.runWorker(ThreadPoolExecutor.java:1128)
	at java.base/java.util.concurrent.ThreadPoolExecutor$Worker.run(ThreadPoolExecutor.java:628)
	at java.base/java.lang.Thread.run(Thread.java:829)
2022.04.04 20:17:33 INFO  tracing is disabled for protocol LSP, to enable tracing of incoming and outgoing JSON messages create an empty file at /home/jonesgc/repos/spark-scala/.metals/lsp.trace.json or /home/jonesgc/.cache/metals/lsp.trace.json[0m
2022.04.04 20:17:33 INFO  logging to file /home/jonesgc/repos/spark-scala/.metals/metals.log[0m
2022.04.04 20:17:33 INFO  Started: Metals version 0.11.2 in workspace '/home/jonesgc/repos/spark-scala' for client Neovim 0.7.0.[0m
2022.04.04 20:17:33 INFO  Parse release: 11.0.14.1[0m
2022.04.04 20:17:33 WARN  Can't instantiate JavaInteractiveSemanticdb (version: Some(JdkVersion(11,0)), jdkHome: /usr/lib/jvm/java-11-openjdk-amd64, javac exists: false)[0m
2022.04.04 20:17:35 INFO  time: initialize in 1.82s[0m
2022.04.04 20:17:36 WARN  Build server is not auto-connectable.[0m
2022.04.04 20:17:36 WARN  no build target for: /home/jonesgc/repos/spark-scala/build.sbt[0m
2022.04.04 20:17:40 INFO  no build target found for /home/jonesgc/repos/spark-scala/build.sbt. Using presentation compiler with project's scala-library version: 3.1.1[0m
2022.04.04 20:18:58 WARN  no build target for: /home/jonesgc/repos/spark-scala/build.sbt[0m
2022.04.04 20:18:58 INFO  skipping build import with status 'Dismissed'[0m
2022.04.04 20:21:01 WARN  no build target for: /home/jonesgc/repos/spark-scala/build.sbt[0m
2022.04.04 20:21:03 INFO  running '/usr/lib/jvm/java-11-openjdk-amd64/bin/java -Djline.terminal=jline.UnsupportedTerminal -Dsbt.log.noformat=true -Dfile.encoding=UTF-8 -jar /tmp/metals5844582448987686866/sbt-launch.jar -Dbloop.export-jar-classifiers=sources bloopInstall'[0m
2022.04.04 20:21:05 INFO  shutting down Metals[0m
2022.04.04 20:21:05 INFO  time: ran 'sbt bloopInstall' in 1.77s[0m
2022.04.04 20:21:05 ERROR sbt command failed: /usr/lib/jvm/java-11-openjdk-amd64/bin/java -Djline.terminal=jline.UnsupportedTerminal -Dsbt.log.noformat=true -Dfile.encoding=UTF-8 -jar /tmp/metals5844582448987686866/sbt-launch.jar -Dbloop.export-jar-classifiers=sources bloopInstall[0m
2022.04.04 20:21:25 INFO  tracing is disabled for protocol LSP, to enable tracing of incoming and outgoing JSON messages create an empty file at /home/jonesgc/repos/spark-scala/.metals/lsp.trace.json or /home/jonesgc/.cache/metals/lsp.trace.json[0m
2022.04.04 20:21:25 INFO  logging to file /home/jonesgc/repos/spark-scala/.metals/metals.log[0m
2022.04.04 20:21:25 INFO  Started: Metals version 0.11.2 in workspace '/home/jonesgc/repos/spark-scala' for client Neovim 0.7.0.[0m
2022.04.04 20:21:25 INFO  Parse release: 11.0.14.1[0m
2022.04.04 20:21:25 WARN  Can't instantiate JavaInteractiveSemanticdb (version: Some(JdkVersion(11,0)), jdkHome: /usr/lib/jvm/java-11-openjdk-amd64, javac exists: false)[0m
2022.04.04 20:21:27 INFO  time: initialize in 1.77s[0m
2022.04.04 20:21:27 WARN  Build server is not auto-connectable.[0m
2022.04.04 20:21:28 WARN  no build target for: /home/jonesgc/repos/spark-scala/build.sbt[0m
2022.04.04 20:21:28 INFO  skipping build import with status 'Started'[0m
2022.04.04 20:21:29 INFO  shutting down Metals[0m
2022.04.04 20:21:32 INFO  no build target found for /home/jonesgc/repos/spark-scala/build.sbt. Using presentation compiler with project's scala-library version: 3.1.1[0m
2022.04.04 20:21:41 INFO  tracing is disabled for protocol LSP, to enable tracing of incoming and outgoing JSON messages create an empty file at /home/jonesgc/repos/spark-scala/.metals/lsp.trace.json or /home/jonesgc/.cache/metals/lsp.trace.json[0m
2022.04.04 20:21:42 INFO  logging to file /home/jonesgc/repos/spark-scala/.metals/metals.log[0m
2022.04.04 20:21:42 INFO  Started: Metals version 0.11.2 in workspace '/home/jonesgc/repos/spark-scala' for client Neovim 0.7.0.[0m
2022.04.04 20:21:42 INFO  Parse release: 11.0.14.1[0m
2022.04.04 20:21:42 WARN  Can't instantiate JavaInteractiveSemanticdb (version: Some(JdkVersion(11,0)), jdkHome: /usr/lib/jvm/java-11-openjdk-amd64, javac exists: false)[0m
2022.04.04 20:21:44 INFO  time: initialize in 1.85s[0m
2022.04.04 20:21:44 WARN  Build server is not auto-connectable.[0m
2022.04.04 20:21:45 WARN  no build target for: /home/jonesgc/repos/spark-scala/build.sbt[0m
2022.04.04 20:21:45 INFO  skipping build import with status 'Started'[0m
2022.04.04 20:21:48 INFO  no build target found for /home/jonesgc/repos/spark-scala/build.sbt. Using presentation compiler with project's scala-library version: 3.1.1[0m
2022.04.04 20:22:47 WARN  no build target for: /home/jonesgc/repos/spark-scala/build.sbt[0m
2022.04.04 20:23:28 WARN  no build target for: /home/jonesgc/repos/spark-scala/build.sbt[0m
2022.04.04 20:23:28 INFO  skipping build import with status 'Dismissed'[0m
2022.04.04 20:23:28 WARN  no build target for: /home/jonesgc/repos/spark-scala/build.sbt[0m
2022.04.04 20:23:28 INFO  shutting down Metals[0m
2022.04.04 20:24:28 INFO  tracing is disabled for protocol LSP, to enable tracing of incoming and outgoing JSON messages create an empty file at /home/jonesgc/repos/spark-scala/.metals/lsp.trace.json or /home/jonesgc/.cache/metals/lsp.trace.json[0m
2022.04.04 20:24:28 INFO  logging to file /home/jonesgc/repos/spark-scala/.metals/metals.log[0m
2022.04.04 20:24:28 INFO  Started: Metals version 0.11.2 in workspace '/home/jonesgc/repos/spark-scala' for client Neovim 0.7.0.[0m
2022.04.04 20:24:28 INFO  Parse release: 11.0.14.1[0m
2022.04.04 20:24:28 WARN  Can't instantiate JavaInteractiveSemanticdb (version: Some(JdkVersion(11,0)), jdkHome: /usr/lib/jvm/java-11-openjdk-amd64, javac exists: false)[0m
2022.04.04 20:24:30 INFO  time: initialize in 1.79s[0m
2022.04.04 20:24:32 WARN  Build server is not auto-connectable.[0m
2022.04.04 20:24:33 WARN  no build target for: /home/jonesgc/repos/spark-scala/build.sbt[0m
2022.04.04 20:24:33 INFO  skipping build import with status 'Dismissed'[0m
2022.04.04 20:24:37 INFO  no build target found for /home/jonesgc/repos/spark-scala/build.sbt. Using presentation compiler with project's scala-library version: 3.1.1[0m
2022.04.04 20:25:12 WARN  no build target for: /home/jonesgc/repos/spark-scala/build.sbt[0m
2022.04.04 20:25:12 INFO  shutting down Metals[0m
2022.04.04 20:27:38 INFO  tracing is disabled for protocol LSP, to enable tracing of incoming and outgoing JSON messages create an empty file at /home/jonesgc/repos/spark-scala/.metals/lsp.trace.json or /home/jonesgc/.cache/metals/lsp.trace.json[0m
2022.04.04 20:27:38 INFO  logging to file /home/jonesgc/repos/spark-scala/.metals/metals.log[0m
2022.04.04 20:27:38 INFO  Started: Metals version 0.11.2 in workspace '/home/jonesgc/repos/spark-scala' for client Neovim 0.7.0.[0m
2022.04.04 20:27:38 INFO  Parse release: 11.0.14.1[0m
2022.04.04 20:27:38 WARN  Can't instantiate JavaInteractiveSemanticdb (version: Some(JdkVersion(11,0)), jdkHome: /usr/lib/jvm/java-11-openjdk-amd64, javac exists: false)[0m
2022.04.04 20:27:40 INFO  time: initialize in 2.08s[0m
2022.04.04 20:27:41 WARN  Build server is not auto-connectable.[0m
2022.04.04 20:27:41 WARN  no build target for: /home/jonesgc/repos/spark-scala/build.sbt[0m
2022.04.04 20:27:41 INFO  skipping build import with status 'Requested'[0m
2022.04.04 20:27:45 INFO  no build target found for /home/jonesgc/repos/spark-scala/build.sbt. Using presentation compiler with project's scala-library version: 3.1.1[0m
2022.04.04 20:27:47 WARN  no build target for: /home/jonesgc/repos/spark-scala/build.sbt[0m
2022.04.04 20:27:47 INFO  shutting down Metals[0m
2022.04.04 20:28:21 INFO  tracing is disabled for protocol LSP, to enable tracing of incoming and outgoing JSON messages create an empty file at /home/jonesgc/repos/spark-scala/.metals/lsp.trace.json or /home/jonesgc/.cache/metals/lsp.trace.json[0m
2022.04.04 20:28:22 INFO  logging to file /home/jonesgc/repos/spark-scala/.metals/metals.log[0m
2022.04.04 20:28:22 INFO  Started: Metals version 0.11.2 in workspace '/home/jonesgc/repos/spark-scala' for client Neovim 0.7.0.[0m
2022.04.04 20:28:22 INFO  Parse release: 11.0.14.1[0m
2022.04.04 20:28:22 WARN  Can't instantiate JavaInteractiveSemanticdb (version: Some(JdkVersion(11,0)), jdkHome: /usr/lib/jvm/java-11-openjdk-amd64, javac exists: false)[0m
2022.04.04 20:28:23 INFO  time: initialize in 1.86s[0m
2022.04.04 20:28:24 WARN  Build server is not auto-connectable.[0m
2022.04.04 20:28:25 WARN  no build target for: /home/jonesgc/repos/spark-scala/build.sbt[0m
2022.04.04 20:28:24 WARN  no build target for: /home/jonesgc/repos/spark-scala/build.sbt[0m
2022.04.04 20:28:25 INFO  shutting down Metals[0m
2022.04.04 20:28:26 INFO  skipping build import with status 'Requested'[0m
2022.04.04 20:28:28 INFO  tracing is disabled for protocol LSP, to enable tracing of incoming and outgoing JSON messages create an empty file at /home/jonesgc/repos/spark-scala/.metals/lsp.trace.json or /home/jonesgc/.cache/metals/lsp.trace.json[0m
2022.04.04 20:28:29 INFO  logging to file /home/jonesgc/repos/spark-scala/.metals/metals.log[0m
2022.04.04 20:28:29 INFO  no build target found for /home/jonesgc/repos/spark-scala/build.sbt. Using presentation compiler with project's scala-library version: 3.1.1[0m
2022.04.04 20:28:29 INFO  Started: Metals version 0.11.2 in workspace '/home/jonesgc/repos/spark-scala' for client Neovim 0.7.0.[0m
2022.04.04 20:28:29 INFO  Parse release: 11.0.14.1[0m
2022.04.04 20:28:29 WARN  Can't instantiate JavaInteractiveSemanticdb (version: Some(JdkVersion(11,0)), jdkHome: /usr/lib/jvm/java-11-openjdk-amd64, javac exists: false)[0m
2022.04.04 20:28:32 INFO  time: initialize in 2.94s[0m
2022.04.04 20:28:33 WARN  Build server is not auto-connectable.[0m
2022.04.04 20:28:33 WARN  no build target for: /home/jonesgc/repos/spark-scala/build.sbt[0m
2022.04.04 20:28:36 INFO  no build target found for /home/jonesgc/repos/spark-scala/build.sbt. Using presentation compiler with project's scala-library version: 3.1.1[0m
2022.04.04 20:28:47 WARN  no build target for: /home/jonesgc/repos/spark-scala/build.sbt[0m
2022.04.04 20:28:47 INFO  shutting down Metals[0m
2022.04.04 20:28:48 INFO  skipping build import with status 'Dismissed'[0m
2022.04.04 20:28:57 INFO  tracing is disabled for protocol LSP, to enable tracing of incoming and outgoing JSON messages create an empty file at /home/jonesgc/repos/spark-scala/.metals/lsp.trace.json or /home/jonesgc/.cache/metals/lsp.trace.json[0m
2022.04.04 20:28:57 INFO  logging to file /home/jonesgc/repos/spark-scala/.metals/metals.log[0m
2022.04.04 20:28:57 INFO  Started: Metals version 0.11.2 in workspace '/home/jonesgc/repos/spark-scala' for client Neovim 0.7.0.[0m
2022.04.04 20:28:57 INFO  Parse release: 11.0.14.1[0m
2022.04.04 20:28:57 WARN  Can't instantiate JavaInteractiveSemanticdb (version: Some(JdkVersion(11,0)), jdkHome: /usr/lib/jvm/java-11-openjdk-amd64, javac exists: false)[0m
2022.04.04 20:28:59 INFO  time: initialize in 1.71s[0m
2022.04.04 20:29:04 WARN  Build server is not auto-connectable.[0m
2022.04.04 20:29:04 WARN  no build target for: /home/jonesgc/repos/spark-scala/build.sbt[0m
2022.04.04 20:29:04 INFO  skipping build import with status 'Dismissed'[0m
2022.04.04 20:29:08 INFO  no build target found for /home/jonesgc/repos/spark-scala/build.sbt. Using presentation compiler with project's scala-library version: 3.1.1[0m
2022.04.04 20:29:09 WARN  no build target for: /home/jonesgc/repos/spark-scala/build.sbt[0m
2022.04.04 20:29:09 INFO  shutting down Metals[0m
2022.04.04 20:29:10 INFO  skipping build import with status 'Dismissed'[0m
2022.04.04 20:31:53 INFO  tracing is disabled for protocol LSP, to enable tracing of incoming and outgoing JSON messages create an empty file at /home/jonesgc/repos/spark-scala/.metals/lsp.trace.json or /home/jonesgc/.cache/metals/lsp.trace.json[0m
2022.04.04 20:31:53 INFO  logging to file /home/jonesgc/repos/spark-scala/.metals/metals.log[0m
2022.04.04 20:31:53 INFO  Started: Metals version 0.11.2 in workspace '/home/jonesgc/repos/spark-scala' for client Neovim 0.7.0.[0m
2022.04.04 20:31:53 INFO  Parse release: 11.0.14.1[0m
2022.04.04 20:31:53 WARN  Can't instantiate JavaInteractiveSemanticdb (version: Some(JdkVersion(11,0)), jdkHome: /usr/lib/jvm/java-11-openjdk-amd64, javac exists: false)[0m
2022.04.04 20:31:56 INFO  time: initialize in 2.3s[0m
2022.04.04 20:31:57 INFO  Attempting to connect to the build server...[0m
2022.04.04 20:31:58 INFO  tracing is disabled for protocol BSP, to enable tracing of incoming and outgoing JSON messages create an empty file at /home/jonesgc/repos/spark-scala/.metals/bsp.trace.json or /home/jonesgc/.cache/metals/bsp.trace.json[0m
2022.04.04 20:31:58 INFO  Attempting to connect to the build server...[0m
2022.04.04 20:31:58 INFO  tracing is disabled for protocol BSP, to enable tracing of incoming and outgoing JSON messages create an empty file at /home/jonesgc/repos/spark-scala/project/.metals/bsp.trace.json or /home/jonesgc/.cache/metals/bsp.trace.json[0m
2022.04.04 20:31:59 INFO  time: Connected to build server in 1.4s[0m
2022.04.04 20:31:59 INFO  Connected to Build server: Bloop v1.4.13[0m
2022.04.04 20:32:06 WARN  Could not find java sources in /usr/lib/jvm/src.zip, /usr/lib/jvm/lib/src.zip, /usr/lib/jvm/java-11-openjdk-amd64/src.zip, /usr/lib/jvm/java-11-openjdk-amd64/lib/src.zip. Java symbols will not be available.[0m
2022.04.04 20:32:09 INFO  time: indexed workspace in 10s[0m
2022.04.04 20:32:13 INFO  compiling spark-scala-build (1 scala source)[0m
2022.04.04 20:32:18 INFO  time: compiled spark-scala-build in 5.3s[0m
2022.04.04 20:54:28 INFO  running '/usr/lib/jvm/java-11-openjdk-amd64/bin/java -Djline.terminal=jline.UnsupportedTerminal -Dsbt.log.noformat=true -Dfile.encoding=UTF-8 -jar /tmp/metals10174001332628693070/sbt-launch.jar -Dbloop.export-jar-classifiers=sources bloopInstall'[0m
2022.04.04 20:54:30 INFO  [info] welcome to sbt 1.6.2 (Ubuntu Java 11.0.14.1)[0m
2022.04.04 20:54:32 INFO  [info] loading settings for project spark-scala-build-build from metals.sbt ...[0m
2022.04.04 20:54:32 INFO  [info] loading project definition from /home/jonesgc/repos/spark-scala/project/project[0m
2022.04.04 20:54:36 INFO  shutting down Metals[0m
2022.04.04 20:54:36 INFO  Shut down connection with build server.[0m
2022.04.04 20:54:36 INFO  Shut down connection with build server.[0m
2022.04.04 20:56:23 INFO  tracing is disabled for protocol LSP, to enable tracing of incoming and outgoing JSON messages create an empty file at /home/jonesgc/repos/spark-scala/.metals/lsp.trace.json or /home/jonesgc/.cache/metals/lsp.trace.json[0m
2022.04.04 20:56:23 INFO  logging to file /home/jonesgc/repos/spark-scala/.metals/metals.log[0m
2022.04.04 20:56:23 INFO  Started: Metals version 0.11.2 in workspace '/home/jonesgc/repos/spark-scala' for client Neovim 0.7.0.[0m
2022.04.04 20:56:23 INFO  Parse release: 11.0.14.1[0m
2022.04.04 20:56:23 WARN  Can't instantiate JavaInteractiveSemanticdb (version: Some(JdkVersion(11,0)), jdkHome: /usr/lib/jvm/java-11-openjdk-amd64, javac exists: false)[0m
